# Activity Log

This file tracks automated profile updates.

Profile updated on: Thu Jul 24 2025 12:00:00 GMT+0000 (UTC)
Profile updated on: Fri Jul 25 06:20:09 UTC 2025
Profile updated on: Fri Jul 25 12:25:43 UTC 2025
Profile updated on: Fri Jul 25 18:18:31 UTC 2025
Profile updated on: Sat Jul 26 01:03:06 UTC 2025
Profile updated on: Sat Jul 26 06:18:01 UTC 2025
Profile updated on: Sat Jul 26 12:23:12 UTC 2025
Profile updated on: Sat Jul 26 18:16:56 UTC 2025
Profile updated on: Sun Jul 27 01:11:14 UTC 2025
Profile updated on: Sun Jul 27 06:18:41 UTC 2025
Profile updated on: Sun Jul 27 12:24:06 UTC 2025
Profile updated on: Sun Jul 27 18:16:54 UTC 2025
Profile updated on: Mon Jul 28 01:09:35 UTC 2025
Profile updated on: Mon Jul 28 06:22:06 UTC 2025
Profile updated on: Mon Jul 28 12:27:02 UTC 2025
Profile updated on: Mon Jul 28 18:19:30 UTC 2025
Profile updated on: Tue Jul 29 01:12:25 UTC 2025
Profile updated on: Tue Jul 29 06:20:50 UTC 2025
